<?xml version="1.0" encoding="UTF-8"?>
<testsuite name="azkaban.webapp.servlet.ExecutorServletTest" tests="4" skipped="0" failures="0" errors="0" timestamp="2020-12-04T01:56:40" hostname="MSI" time="0.814">
  <properties/>
  <testcase name="postAjaxFlowInfoErrorFetching" classname="azkaban.webapp.servlet.ExecutorServletTest" time="0.732"/>
  <testcase name="postAjaxExecuteFlowWithSlaSettings" classname="azkaban.webapp.servlet.ExecutorServletTest" time="0.063"/>
  <testcase name="postAjaxExecuteFlowWithMissingProjectParameter" classname="azkaban.webapp.servlet.ExecutorServletTest" time="0.005"/>
  <testcase name="postAjaxExecuteFlowWithInvalidSlaSettings" classname="azkaban.webapp.servlet.ExecutorServletTest" time="0.014"/>
  <system-out><![CDATA[2020/12/04 09:56:40.218 +0800  INFO [ExecutionLogsCleaner] [azk-execlog-cleaner] Cleaning old logs from execution_logs
2020/12/04 09:56:40.218 +0800  INFO [ExecutionLogsCleaner] [azk-execlog-cleaner] Cleaning old log files before 2020-09-11T09:56:40.218+08:00
2020/12/04 09:56:40.218 +0800  INFO [ExecutionLogsCleaner] [azk-execlog-cleaner] Cleaned up 0 log entries.
2020/12/04 09:56:40.218 +0800  INFO [ExecutionLogsCleaner] [azk-execlog-cleaner] log clean up time: 0 ms.
2020/12/04 09:56:41.136 +0800  INFO [SlaRequestUtils] [Test worker] Trying to parse sla with the following set: ,FINISH,2:30,true,false
2020/12/04 09:56:41.145 +0800  INFO [SlaRequestUtils] [Test worker] Parsing sla as id: type:FLOW_FINISH sla:FINISH Duration:2:30 actions:[ALERT]
2020/12/04 09:56:41.202 +0800  INFO [SlaRequestUtils] [Test worker] Trying to parse sla with the following set: broken-syntax-for-sla
2020/12/04 09:56:41.202 +0800  INFO [ExecutorServlet] [Test worker] parseFlowOptions failed
javax.servlet.ServletException: Error parsing SLA setting 'broken-syntax-for-sla': java.lang.ArrayIndexOutOfBoundsException: 1
	at azkaban.server.SlaRequestUtils.parseSlaOptions(SlaRequestUtils.java:53)
	at azkaban.server.HttpRequestUtils.parseFlowOptions(HttpRequestUtils.java:112)
	at azkaban.webapp.servlet.ExecutorServlet.ajaxExecuteFlow(ExecutorServlet.java:985)
	at azkaban.webapp.servlet.ExecutorServlet.handleAJAXAction(ExecutorServlet.java:218)
	at azkaban.webapp.servlet.ExecutorServlet.handlePost(ExecutorServlet.java:319)
	at azkaban.webapp.servlet.ExecutorServletTest.postAjaxExecuteFlowWithInvalidSlaSettings(ExecutorServletTest.java:89)
	at sun.reflect.NativeMethodAccessorImpl.invoke0(Native Method)
	at sun.reflect.NativeMethodAccessorImpl.invoke(NativeMethodAccessorImpl.java:62)
	at sun.reflect.DelegatingMethodAccessorImpl.invoke(DelegatingMethodAccessorImpl.java:43)
	at java.lang.reflect.Method.invoke(Method.java:498)
	at org.junit.runners.model.FrameworkMethod$1.runReflectiveCall(FrameworkMethod.java:50)
	at org.junit.internal.runners.model.ReflectiveCallable.run(ReflectiveCallable.java:12)
	at org.junit.runners.model.FrameworkMethod.invokeExplosively(FrameworkMethod.java:47)
	at org.junit.internal.runners.statements.InvokeMethod.evaluate(InvokeMethod.java:17)
	at org.junit.internal.runners.statements.RunBefores.evaluate(RunBefores.java:26)
	at org.junit.runners.ParentRunner.runLeaf(ParentRunner.java:325)
	at org.junit.runners.BlockJUnit4ClassRunner.runChild(BlockJUnit4ClassRunner.java:78)
	at org.junit.runners.BlockJUnit4ClassRunner.runChild(BlockJUnit4ClassRunner.java:57)
	at org.junit.runners.ParentRunner$3.run(ParentRunner.java:290)
	at org.junit.runners.ParentRunner$1.schedule(ParentRunner.java:71)
	at org.junit.runners.ParentRunner.runChildren(ParentRunner.java:288)
	at org.junit.runners.ParentRunner.access$000(ParentRunner.java:58)
	at org.junit.runners.ParentRunner$2.evaluate(ParentRunner.java:268)
	at org.junit.runners.ParentRunner.run(ParentRunner.java:363)
	at org.gradle.api.internal.tasks.testing.junit.JUnitTestClassExecutor.runTestClass(JUnitTestClassExecutor.java:116)
	at org.gradle.api.internal.tasks.testing.junit.JUnitTestClassExecutor.execute(JUnitTestClassExecutor.java:59)
	at org.gradle.api.internal.tasks.testing.junit.JUnitTestClassExecutor.execute(JUnitTestClassExecutor.java:39)
	at org.gradle.api.internal.tasks.testing.junit.AbstractJUnitTestClassProcessor.processTestClass(AbstractJUnitTestClassProcessor.java:66)
	at org.gradle.api.internal.tasks.testing.SuiteTestClassProcessor.processTestClass(SuiteTestClassProcessor.java:51)
	at sun.reflect.NativeMethodAccessorImpl.invoke0(Native Method)
	at sun.reflect.NativeMethodAccessorImpl.invoke(NativeMethodAccessorImpl.java:62)
	at sun.reflect.DelegatingMethodAccessorImpl.invoke(DelegatingMethodAccessorImpl.java:43)
	at java.lang.reflect.Method.invoke(Method.java:498)
	at org.gradle.internal.dispatch.ReflectionDispatch.dispatch(ReflectionDispatch.java:35)
	at org.gradle.internal.dispatch.ReflectionDispatch.dispatch(ReflectionDispatch.java:24)
	at org.gradle.internal.dispatch.ContextClassLoaderDispatch.dispatch(ContextClassLoaderDispatch.java:32)
	at org.gradle.internal.dispatch.ProxyDispatchAdapter$DispatchingInvocationHandler.invoke(ProxyDispatchAdapter.java:93)
	at com.sun.proxy.$Proxy1.processTestClass(Unknown Source)
	at org.gradle.api.internal.tasks.testing.worker.TestWorker.processTestClass(TestWorker.java:109)
	at sun.reflect.NativeMethodAccessorImpl.invoke0(Native Method)
	at sun.reflect.NativeMethodAccessorImpl.invoke(NativeMethodAccessorImpl.java:62)
	at sun.reflect.DelegatingMethodAccessorImpl.invoke(DelegatingMethodAccessorImpl.java:43)
	at java.lang.reflect.Method.invoke(Method.java:498)
	at org.gradle.internal.dispatch.ReflectionDispatch.dispatch(ReflectionDispatch.java:35)
	at org.gradle.internal.dispatch.ReflectionDispatch.dispatch(ReflectionDispatch.java:24)
	at org.gradle.internal.remote.internal.hub.MessageHubBackedObjectConnection$DispatchWrapper.dispatch(MessageHubBackedObjectConnection.java:146)
	at org.gradle.internal.remote.internal.hub.MessageHubBackedObjectConnection$DispatchWrapper.dispatch(MessageHubBackedObjectConnection.java:128)
	at org.gradle.internal.remote.internal.hub.MessageHub$Handler.run(MessageHub.java:404)
	at org.gradle.internal.concurrent.ExecutorPolicy$CatchAndRecordFailures.onExecute(ExecutorPolicy.java:63)
	at org.gradle.internal.concurrent.ManagedExecutorImpl$1.run(ManagedExecutorImpl.java:46)
	at java.util.concurrent.ThreadPoolExecutor.runWorker(ThreadPoolExecutor.java:1149)
	at java.util.concurrent.ThreadPoolExecutor$Worker.run(ThreadPoolExecutor.java:624)
	at org.gradle.internal.concurrent.ThreadFactoryImpl$ManagedThreadRunnable.run(ThreadFactoryImpl.java:55)
	at java.lang.Thread.run(Thread.java:748)
Caused by: java.lang.ArrayIndexOutOfBoundsException: 1
	at azkaban.server.SlaRequestUtils.parseSlaSetting(SlaRequestUtils.java:66)
	at azkaban.server.SlaRequestUtils.parseSlaOptions(SlaRequestUtils.java:50)
	... 53 more
]]></system-out>
  <system-err><![CDATA[]]></system-err>
</testsuite>
